<?xml version="1.0" encoding="UTF-8"?>
<testng-results ignored="0" total="2" passed="2" failed="0" skipped="0">
  <reporter-output>
  </reporter-output>
  <suite started-at="2022-06-23T13:58:35 IST" name="Default suite" finished-at="2022-06-23T13:59:02 IST" duration-ms="27280">
    <groups>
    </groups>
    <test started-at="2022-06-23T13:58:35 IST" name="Default test" finished-at="2022-06-23T13:59:02 IST" duration-ms="27280">
      <class name="test_package.Home_Page_Test">
        <test-method is-config="true" signature="Setup()[pri:0, instance:test_package.Home_Page_Test@55634720]" started-at="2022-06-23T13:58:35 IST" name="Setup" finished-at="2022-06-23T13:58:46 IST" duration-ms="11285" status="PASS">
          <reporter-output>
          </reporter-output>
        </test-method> <!-- Setup -->
        <test-method signature="LoginProcess()[pri:0, instance:test_package.Home_Page_Test@55634720]" started-at="2022-06-23T13:58:47 IST" name="LoginProcess" finished-at="2022-06-23T13:58:57 IST" duration-ms="10221" status="PASS">
          <reporter-output>
          </reporter-output>
        </test-method> <!-- LoginProcess -->
        <test-method signature="PinPageProcess()[pri:0, instance:test_package.Home_Page_Test@55634720]" started-at="2022-06-23T13:58:57 IST" name="PinPageProcess" finished-at="2022-06-23T13:59:02 IST" duration-ms="5532" status="PASS">
          <reporter-output>
          </reporter-output>
        </test-method> <!-- PinPageProcess -->
      </class> <!-- test_package.Home_Page_Test -->
    </test> <!-- Default test -->
  </suite> <!-- Default suite -->
</testng-results>
